app/build/outputs/logs/manifest-merger-debug-report.txt
-- Merging decision tree log ---
manifest
ADDED from src\main\AndroidManifest.xml:2:1-790:12
	package
		ADDED from src\main\AndroidManifest.xml:3:5-46
		INJECTED from src\main\AndroidManifest.xml
		INJECTED from src\main\AndroidManifest.xml
	android:versionName
		INJECTED from src\main\AndroidManifest.xml
		INJECTED from src\main\AndroidManifest.xml
	xmlns:android
		ADDED from src\main\AndroidManifest.xml:2:11-69
	android:versionCode
		INJECTED from src\main\AndroidManifest.xml
		INJECTED from src\main\AndroidManifest.xml
application
ADDED from src\main\AndroidManifest.xml:5:5-788:19
MERGED from [com.android.support.constraint:constraint-layout:1.0.2] AndroidManifest.xml:9:5-20
MERGED from [com.android.support:design:25.3.1] AndroidManifest.xml:29:5-20
MERGED from [com.android.support:appcompat-v7:25.3.1] AndroidManifest.xml:29:5-20
MERGED from [com.android.support:animated-vector-drawable:25.3.1] AndroidManifest.xml:26:5-20
MERGED from [com.android.support:support-vector-drawable:25.3.1] AndroidManifest.xml:26:5-20
MERGED from [com.android.support:transition:25.3.1] AndroidManifest.xml:26:5-20
MERGED from [com.android.support:support-v4:25.3.1] AndroidManifest.xml:29:5-20
MERGED from [com.android.support:support-fragment:25.3.1] AndroidManifest.xml:29:5-20
MERGED from [com.android.support:support-media-compat:25.3.1] AndroidManifest.xml:29:5-20
MERGED from [com.android.support:support-core-ui:25.3.1] AndroidManifest.xml:29:5-20
MERGED from [com.android.support:support-core-utils:25.3.1] AndroidManifest.xml:29:5-20
MERGED from [com.android.support:support-compat:25.3.1] AndroidManifest.xml:29:5-20
MERGED from [com.android.support:cardview-v7:25.3.1] AndroidManifest.xml:26:5-20
	android:label
		ADDED from src\main\AndroidManifest.xml:8:9-41
	android:supportsRtl
		ADDED from src\main\AndroidManifest.xml:10:9-35
	android:roundIcon
		ADDED from src\main\AndroidManifest.xml:9:9-54
	android:allowBackup
		ADDED from src\main\AndroidManifest.xml:6:9-35
	android:icon
		ADDED from src\main\AndroidManifest.xml:7:9-43
	android:theme
		ADDED from src\main\AndroidManifest.xml:11:9-40
activity#com.example.imran.doctorscorner.Hospitals
ADDED from src\main\AndroidManifest.xml:12:9-20:20
	android:screenOrientation
		ADDED from src\main\AndroidManifest.xml:14:13-49
	android:configChanges
		ADDED from src\main\AndroidManifest.xml:13:13-48
	android:name
		ADDED from src\main\AndroidManifest.xml:12:19-44
intent-filter#android.intent.action.MAIN+android.intent.category.LAUNCHER
ADDED from src\main\AndroidManifest.xml:15:13-19:29
action#android.intent.action.MAIN
ADDED from src\main\AndroidManifest.xml:16:17-69
	android:name
		ADDED from src\main\AndroidManifest.xml:16:25-66
category#android.intent.category.LAUNCHER
ADDED from src\main\AndroidManifest.xml:18:17-77
	android:name
		ADDED from src\main\AndroidManifest.xml:18:27-74
activity#com.example.imran.doctorscorner.Chittagongdoc
ADDED from src\main\AndroidManifest.xml:21:9-30:20
	android:name
		ADDED from src\main\AndroidManifest.xml:21:19-48
intent-filter#android.intent.action.MAIN+android.intent.category.DEFAULT
ADDED from src\main\AndroidManifest.xml:22:13-29:29
category#android.intent.category.DEFAULT
ADDED from src\main\AndroidManifest.xml:26:17-28:28
	android:name
		ADDED from src\main\AndroidManifest.xml:26:27-73
activity#com.example.imran.doctorscorner.chittagongdoc2
ADDED from src\main\AndroidManifest.xml:31:9-40:20
	android:name
		ADDED from src\main\AndroidManifest.xml:31:19-49
activity#com.example.imran.doctorscorner.chittagongdoc3
ADDED from src\main\AndroidManifest.xml:41:9-50:20
	android:name
		ADDED from src\main\AndroidManifest.xml:41:19-49
activity#com.example.imran.doctorscorner.chittagongdoc4
ADDED from src\main\AndroidManifest.xml:51:9-61:16
	android:name
		ADDED from src\main\AndroidManifest.xml:51:19-49
activity#com.example.imran.doctorscorner.chittagongdoc5
ADDED from src\main\AndroidManifest.xml:62:5-71:16
	android:name
		ADDED from src\main\AndroidManifest.xml:62:15-45
activity#com.example.imran.doctorscorner.chittagongdoc6
ADDED from src\main\AndroidManifest.xml:73:5-82:16
	android:name
		ADDED from src\main\AndroidManifest.xml:73:15-45
activity#com.example.imran.doctorscorner.dhakadoc
ADDED from src\main\AndroidManifest.xml:84:9-93:20
	android:name
		ADDED from src\main\AndroidManifest.xml:84:19-43
activity#com.example.imran.doctorscorner.dhakadoc1
ADDED from src\main\AndroidManifest.xml:94:9-103:20
	android:name
		ADDED from src\main\AndroidManifest.xml:94:19-44
activity#com.example.imran.doctorscorner.dhakadoc2
ADDED from src\main\AndroidManifest.xml:104:9-113:20
	android:name
		ADDED from src\main\AndroidManifest.xml:104:19-44
activity#com.example.imran.doctorscorner.dhakadoc3
ADDED from src\main\AndroidManifest.xml:114:9-123:20
	android:name
		ADDED from src\main\AndroidManifest.xml:114:19-44
activity#com.example.imran.doctorscorner.dhakadoc4
ADDED from src\main\AndroidManifest.xml:124:9-133:20
	android:name
		ADDED from src\main\AndroidManifest.xml:124:19-44
activity#com.example.imran.doctorscorner.dhakadoc5
ADDED from src\main\AndroidManifest.xml:134:9-143:20
	android:name
		ADDED from src\main\AndroidManifest.xml:134:19-44
activity#com.example.imran.doctorscorner.dhakadoc6
ADDED from src\main\AndroidManifest.xml:144:9-153:20
	android:name
		ADDED from src\main\AndroidManifest.xml:144:19-44
activity#com.example.imran.doctorscorner.dhakadoc7
ADDED from src\main\AndroidManifest.xml:154:9-163:16
	android:name
		ADDED from src\main\AndroidManifest.xml:154:19-44
activity#com.example.imran.doctorscorner.dhakadoc8
ADDED from src\main\AndroidManifest.xml:164:9-173:20
	android:name
		ADDED from src\main\AndroidManifest.xml:164:19-44
activity#com.example.imran.doctorscorner.dhakadoc9
ADDED from src\main\AndroidManifest.xml:174:9-183:20
	android:name
		ADDED from src\main\AndroidManifest.xml:174:19-44
activity#com.example.imran.doctorscorner.dhakadoc10
ADDED from src\main\AndroidManifest.xml:184:9-194:20
	android:name
		ADDED from src\main\AndroidManifest.xml:184:19-45
activity#com.example.imran.doctorscorner.dhakadoc11
ADDED from src\main\AndroidManifest.xml:194:21-204:20
	android:name
		ADDED from src\main\AndroidManifest.xml:194:31-57
activity#com.example.imran.doctorscorner.dhakadoc12
ADDED from src\main\AndroidManifest.xml:205:9-215:20
	android:name
		ADDED from src\main\AndroidManifest.xml:205:19-45
activity#com.example.imran.doctorscorner.dhakadoc13
ADDED from src\main\AndroidManifest.xml:216:9-226:20
	android:name
		ADDED from src\main\AndroidManifest.xml:216:19-45
activity#com.example.imran.doctorscorner.chittagongdoc7
ADDED from src\main\AndroidManifest.xml:227:9-237:20
	android:name
		ADDED from src\main\AndroidManifest.xml:227:19-49
activity#com.example.imran.doctorscorner.chittagongdoc8
ADDED from src\main\AndroidManifest.xml:237:23-247:20
	android:name
		ADDED from src\main\AndroidManifest.xml:237:33-63
activity#com.example.imran.doctorscorner.nothingtoshow
ADDED from src\main\AndroidManifest.xml:247:24-257:20
	android:name
		ADDED from src\main\AndroidManifest.xml:247:34-63
activity#com.example.imran.doctorscorner.syletdoc
ADDED from src\main\AndroidManifest.xml:258:9-268:20
	android:name
		ADDED from src\main\AndroidManifest.xml:258:19-43
activity#com.example.imran.doctorscorner.syletdoc3
ADDED from src\main\AndroidManifest.xml:269:9-279:20
	android:name
		ADDED from src\main\AndroidManifest.xml:269:19-44
activity#com.example.imran.doctorscorner.syletdoc2
ADDED from src\main\AndroidManifest.xml:280:9-290:20
	android:name
		ADDED from src\main\AndroidManifest.xml:280:19-44
activity#com.example.imran.doctorscorner.comilladoc
ADDED from src\main\AndroidManifest.xml:290:22-300:20
	android:name
		ADDED from src\main\AndroidManifest.xml:290:32-58
activity#com.example.imran.doctorscorner.comilladoc2
ADDED from src\main\AndroidManifest.xml:301:9-311:20
	android:name
		ADDED from src\main\AndroidManifest.xml:301:19-46
activity#com.example.imran.doctorscorner.comilladoc3
ADDED from src\main\AndroidManifest.xml:312:9-322:20
	android:name
		ADDED from src\main\AndroidManifest.xml:312:19-46
activity#com.example.imran.doctorscorner.comilladoc4
ADDED from src\main\AndroidManifest.xml:323:3-333:20
	android:name
		ADDED from src\main\AndroidManifest.xml:323:13-40
activity#com.example.imran.doctorscorner.comilladoc5
ADDED from src\main\AndroidManifest.xml:334:9-344:20
	android:name
		ADDED from src\main\AndroidManifest.xml:334:19-46
activity#com.example.imran.doctorscorner.kulnadoc
ADDED from src\main\AndroidManifest.xml:344:21-354:20
	android:name
		ADDED from src\main\AndroidManifest.xml:344:31-55
activity#com.example.imran.doctorscorner.kulnadoc1
ADDED from src\main\AndroidManifest.xml:355:9-365:20
	android:name
		ADDED from src\main\AndroidManifest.xml:355:19-44
activity#com.example.imran.doctorscorner.rajshahi_doc
ADDED from src\main\AndroidManifest.xml:366:9-376:20
	android:name
		ADDED from src\main\AndroidManifest.xml:366:19-47
activity#com.example.imran.doctorscorner.rajshahi_doc1
ADDED from src\main\AndroidManifest.xml:377:4-387:20
	android:name
		ADDED from src\main\AndroidManifest.xml:377:14-43
activity#com.example.imran.doctorscorner.rajshahi_doc2
ADDED from src\main\AndroidManifest.xml:388:4-398:20
	android:name
		ADDED from src\main\AndroidManifest.xml:388:14-43
activity#com.example.imran.doctorscorner.rajshahi_doc3
ADDED from src\main\AndroidManifest.xml:399:9-409:20
	android:name
		ADDED from src\main\AndroidManifest.xml:399:19-48
activity#com.example.imran.doctorscorner.rajshahi_doc4
ADDED from src\main\AndroidManifest.xml:410:9-420:20
	android:name
		ADDED from src\main\AndroidManifest.xml:410:19-48
activity#com.example.imran.doctorscorner.topdoc.topdoc0
ADDED from src\main\AndroidManifest.xml:421:9-431:20
	android:name
		ADDED from src\main\AndroidManifest.xml:421:19-49
activity#com.example.imran.doctorscorner.topdoc.topdoc1
ADDED from src\main\AndroidManifest.xml:432:4-442:20
	android:name
		ADDED from src\main\AndroidManifest.xml:432:14-44
activity#com.example.imran.doctorscorner.topdoc.topdoc2
ADDED from src\main\AndroidManifest.xml:442:22-452:20
	android:name
		ADDED from src\main\AndroidManifest.xml:442:32-62
activity#com.example.imran.doctorscorner.topdoc.topdoc3
ADDED from src\main\AndroidManifest.xml:452:21-462:20
	android:name
		ADDED from src\main\AndroidManifest.xml:452:31-61
activity#com.example.imran.doctorscorner.topdoc.topdoc4
ADDED from src\main\AndroidManifest.xml:463:1-473:20
	android:name
		ADDED from src\main\AndroidManifest.xml:463:11-41
activity#com.example.imran.doctorscorner.topdoc.topdoc5
ADDED from src\main\AndroidManifest.xml:473:20-483:20
	android:name
		ADDED from src\main\AndroidManifest.xml:473:30-60
activity#com.example.imran.doctorscorner.topdoc.topdoc6
ADDED from src\main\AndroidManifest.xml:484:9-494:20
	android:name
		ADDED from src\main\AndroidManifest.xml:484:19-49
activity#com.example.imran.doctorscorner.topdoc.topdoc7
ADDED from src\main\AndroidManifest.xml:495:9-505:20
	android:name
		ADDED from src\main\AndroidManifest.xml:495:19-49
activity#com.example.imran.doctorscorner.topdoc.topdoc8
ADDED from src\main\AndroidManifest.xml:506:9-516:20
	android:name
		ADDED from src\main\AndroidManifest.xml:506:19-49
activity#com.example.imran.doctorscorner.topdoc.topdoc9
ADDED from src\main\AndroidManifest.xml:517:9-527:20
	android:name
		ADDED from src\main\AndroidManifest.xml:517:19-49
activity#com.example.imran.doctorscorner.tophos.tophos0
ADDED from src\main\AndroidManifest.xml:528:9-538:20
	android:name
		ADDED from src\main\AndroidManifest.xml:528:19-49
activity#com.example.imran.doctorscorner.tophos.tophos1
ADDED from src\main\AndroidManifest.xml:539:3-549:20
	android:name
		ADDED from src\main\AndroidManifest.xml:539:13-43
activity#com.example.imran.doctorscorner.tophos.tophos2
ADDED from src\main\AndroidManifest.xml:550:9-560:20
	android:name
		ADDED from src\main\AndroidManifest.xml:550:19-49
activity#com.example.imran.doctorscorner.tophos.tophos3
ADDED from src\main\AndroidManifest.xml:561:9-571:20
	android:name
		ADDED from src\main\AndroidManifest.xml:561:19-49
activity#com.example.imran.doctorscorner.tophos.tophos4
ADDED from src\main\AndroidManifest.xml:571:21-581:20
	android:name
		ADDED from src\main\AndroidManifest.xml:571:31-61
activity#com.example.imran.doctorscorner.tophos.tophos5
ADDED from src\main\AndroidManifest.xml:581:21-591:20
	android:name
		ADDED from src\main\AndroidManifest.xml:581:31-61
activity#com.example.imran.doctorscorner.tophos.tophos6
ADDED from src\main\AndroidManifest.xml:591:21-601:20
	android:name
		ADDED from src\main\AndroidManifest.xml:591:31-61
activity#com.example.imran.doctorscorner.tophos.tophos7
ADDED from src\main\AndroidManifest.xml:601:20-611:20
	android:name
		ADDED from src\main\AndroidManifest.xml:601:30-60
activity#com.example.imran.doctorscorner.tophos.tophos8
ADDED from src\main\AndroidManifest.xml:611:20-621:20
	android:name
		ADDED from src\main\AndroidManifest.xml:611:30-60
activity#com.example.imran.doctorscorner.dhakadoc14
ADDED from src\main\AndroidManifest.xml:622:5-632:20
	android:name
		ADDED from src\main\AndroidManifest.xml:622:15-41
activity#com.example.imran.doctorscorner.dhakadoc15
ADDED from src\main\AndroidManifest.xml:632:23-642:20
	android:name
		ADDED from src\main\AndroidManifest.xml:632:33-59
activity#com.example.imran.doctorscorner.dhakadoc16
ADDED from src\main\AndroidManifest.xml:643:2-653:20
	android:name
		ADDED from src\main\AndroidManifest.xml:643:12-38
activity#com.example.imran.doctorscorner.bloodbank.BloofBankDetails
ADDED from src\main\AndroidManifest.xml:654:2-664:20
	android:name
		ADDED from src\main\AndroidManifest.xml:654:12-54
activity#com.example.imran.doctorscorner.bloodbank.bloodbank1
ADDED from src\main\AndroidManifest.xml:664:20-674:20
	android:name
		ADDED from src\main\AndroidManifest.xml:664:30-66
activity#com.example.imran.doctorscorner.bloodbank.bloodbank2
ADDED from src\main\AndroidManifest.xml:675:1-685:20
	android:name
		ADDED from src\main\AndroidManifest.xml:675:11-47
activity#com.example.imran.doctorscorner.bloodbank.bloodbank3
ADDED from src\main\AndroidManifest.xml:686:1-696:20
	android:name
		ADDED from src\main\AndroidManifest.xml:686:11-47
activity#com.example.imran.doctorscorner.bloodbank.bloodbank4
ADDED from src\main\AndroidManifest.xml:697:1-707:20
	android:name
		ADDED from src\main\AndroidManifest.xml:697:11-47
activity#com.example.imran.doctorscorner.bloodbank.bloodbank5
ADDED from src\main\AndroidManifest.xml:708:1-718:20
	android:name
		ADDED from src\main\AndroidManifest.xml:708:11-47
activity#com.example.imran.doctorscorner.ambulance.ambulance0
ADDED from src\main\AndroidManifest.xml:719:9-729:20
	android:name
		ADDED from src\main\AndroidManifest.xml:719:19-55
activity#com.example.imran.doctorscorner.ambulance.ambulance1
ADDED from src\main\AndroidManifest.xml:729:20-739:20
	android:name
		ADDED from src\main\AndroidManifest.xml:729:30-66
activity#com.example.imran.doctorscorner.ambulance.ambulance2
ADDED from src\main\AndroidManifest.xml:739:20-749:20
	android:name
		ADDED from src\main\AndroidManifest.xml:739:30-66
activity#com.example.imran.doctorscorner.ambulance.ambulance3
ADDED from src\main\AndroidManifest.xml:749:20-759:20
	android:name
		ADDED from src\main\AndroidManifest.xml:749:30-66
activity#com.example.imran.doctorscorner.ambulance.ambulance4
ADDED from src\main\AndroidManifest.xml:759:20-769:20
	android:name
		ADDED from src\main\AndroidManifest.xml:759:30-66
activity#com.example.imran.doctorscorner.ambulance.ambulance5
ADDED from src\main\AndroidManifest.xml:769:20-779:20
	android:name
		ADDED from src\main\AndroidManifest.xml:769:30-66
uses-sdk
INJECTED from src\main\AndroidManifest.xml reason: use-sdk injection requested
MERGED from [com.android.support.constraint:constraint-layout:1.0.2] AndroidManifest.xml:5:5-7:41
MERGED from [com.android.support:design:25.3.1] AndroidManifest.xml:21:5-23:62
MERGED from [com.android.support:appcompat-v7:25.3.1] AndroidManifest.xml:21:5-23:78
MERGED from [com.android.support:animated-vector-drawable:25.3.1] AndroidManifest.xml:20:5-44
MERGED from [com.android.support:support-vector-drawable:25.3.1] AndroidManifest.xml:20:5-43
MERGED from [com.android.support:recyclerview-v7:25.3.1] AndroidManifest.xml:20:5-43
MERGED from [com.android.support:transition:25.3.1] AndroidManifest.xml:20:5-44
MERGED from [com.android.support:support-v4:25.3.1] AndroidManifest.xml:21:5-23:54
MERGED from [com.android.support:support-fragment:25.3.1] AndroidManifest.xml:21:5-23:60
MERGED from [com.android.support:support-media-compat:25.3.1] AndroidManifest.xml:21:5-23:63
MERGED from [com.android.support:support-core-ui:25.3.1] AndroidManifest.xml:21:5-23:58
MERGED from [com.android.support:support-core-utils:25.3.1] AndroidManifest.xml:21:5-23:61
MERGED from [com.android.support:support-compat:25.3.1] AndroidManifest.xml:21:5-23:58
MERGED from [com.android.support:cardview-v7:25.3.1] AndroidManifest.xml:20:5-43
	tools:overrideLibrary
		ADDED from [com.android.support:design:25.3.1] AndroidManifest.xml:23:9-59
	android:targetSdkVersion
		INJECTED from src\main\AndroidManifest.xml
		INJECTED from src\main\AndroidManifest.xml
	android:minSdkVersion
		INJECTED from src\main\AndroidManifest.xml
		INJECTED from src\main\AndroidManifest.xml
meta-data#android.support.VERSION
ADDED from [com.android.support:design:25.3.1] AndroidManifest.xml:25:5-27:34
MERGED from [com.android.support:appcompat-v7:25.3.1] AndroidManifest.xml:25:5-27:34
MERGED from [com.android.support:animated-vector-drawable:25.3.1] AndroidManifest.xml:22:5-24:34
MERGED from [com.android.support:support-vector-drawable:25.3.1] AndroidManifest.xml:22:5-24:34
MERGED from [com.android.support:recyclerview-v7:25.3.1] AndroidManifest.xml:22:5-24:34
MERGED from [com.android.support:transition:25.3.1] AndroidManifest.xml:22:5-24:34
MERGED from [com.android.support:support-v4:25.3.1] AndroidManifest.xml:25:5-27:34
MERGED from [com.android.support:support-fragment:25.3.1] AndroidManifest.xml:25:5-27:34
MERGED from [com.android.support:support-media-compat:25.3.1] AndroidManifest.xml:25:5-27:34
MERGED from [com.android.support:support-core-ui:25.3.1] AndroidManifest.xml:25:5-27:34
MERGED from [com.android.support:support-core-utils:25.3.1] AndroidManifest.xml:25:5-27:34
MERGED from [com.android.support:support-compat:25.3.1] AndroidManifest.xml:25:5-27:34
MERGED from [com.android.support:cardview-v7:25.3.1] AndroidManifest.xml:22:5-24:34
	android:value
		ADDED from [com.android.support:design:25.3.1] AndroidManifest.xml:27:9-31
	android:name
		ADDED from [com.android.support:design:25.3.1] AndroidManifest.xml:26:9-47